{"level":"info","message":"app.js started, Listening on port 3030"}
{"level":"info","message":"connected to MongoDB ..."}
{"level":"info","message":"app.js started, Listening on port 3030"}
{"level":"info","message":"connected to MongoDB ..."}
{"body":{"email":"a","password":"a"},"level":"info","service":"user-service"}
{"email":"a","password":"a","level":"info","service":"user-service"}
{"email":"a","password":"a","level":"info","service":"user-service"}
{"isStaff":true,"_id":"5cc24e47f7f8126f22d5ca33","firstName":"Papa","lastName":"Joe","email":"a","created_at":"2019-04-26T00:18:15.074Z","updated_at":"2019-04-26T00:18:15.074Z"}
{"level":"info","message":"passwords matched: true"}
{"level":"info","message":"app.js started, Listening on port 3030"}
{"level":"info","message":"connected to MongoDB ..."}
{"level":"info","message":"app.js started, Listening on port 3030"}
{"level":"info","message":"connected to MongoDB ..."}
{"level":"info","message":"app.js started, Listening on port 3030"}
{"level":"info","message":"connected to MongoDB ..."}
{"level":"info","message":"app.js started, Listening on port 3030"}
{"level":"info","message":"connected to MongoDB ..."}
{"body":{"email":"a","password":"a"},"level":"info","service":"user-service"}
{"email":"a","password":"a","level":"info","service":"user-service"}
{"email":"a","password":"a","level":"info","service":"user-service"}
{"isStaff":true,"_id":"5cc24e47f7f8126f22d5ca33","firstName":"Papa","lastName":"Joe","email":"a","created_at":"2019-04-26T00:18:15.074Z","updated_at":"2019-04-26T00:18:15.074Z"}
{"level":"info","message":"passwords matched: true"}
{"level":"info","message":"app.js started, Listening on port 3030"}
{"level":"info","message":"connected to MongoDB ..."}
{"level":"info","message":"app.js started, Listening on port 3030"}
{"level":"info","message":"connected to MongoDB ..."}
{"level":"info","message":"app.js started, Listening on port 3030"}
{"level":"info","message":"connected to MongoDB ..."}
{"level":"info","message":"app.js started, Listening on port 3030"}
{"level":"info","message":"connected to MongoDB ..."}
{"level":"info","message":"app.js started, Listening on port 3030"}
{"level":"info","message":"connected to MongoDB ..."}
{"level":"info","message":"app.js started, Listening on port 3030"}
{"level":"info","message":"connected to MongoDB ..."}
{"level":"info","message":"app.js started, Listening on port 3030"}
{"level":"info","message":"connected to MongoDB ..."}
{"level":"info","message":"app.js started, Listening on port 3030"}
{"level":"info","message":"connected to MongoDB ..."}
{"level":"info","message":"app.js started, Listening on port 3030"}
{"level":"info","message":"connected to MongoDB ..."}
{"level":"info","message":"app.js started, Listening on port 3030"}
{"level":"info","message":"connected to MongoDB ..."}
