{"service":"user-service","errno":"ENOTFOUND","code":"ENOTFOUND","syscall":"getaddrinfo","hostname":"brow1230-verv0022","host":"brow1230-verv0022","port":27017,"level":"error","message":"error connecting to MongoDB: getaddrinfo ENOTFOUND brow1230-verv0022 brow1230-verv0022:27017","stack":"Error: getaddrinfo ENOTFOUND brow1230-verv0022 brow1230-verv0022:27017\n    at GetAddrInfoReqWrap.onlookup [as oncomplete] (dns.js:57:26)"}
{"service":"user-service","name":"MongoError","level":"error","message":"error connecting to MongoDB: Authentication failed.","stack":"MongoError: Authentication failed.\n    at Function._getError (/Users/david/Documents/school/code/FINAL/pizzaTrackerBackend/node_modules/mongodb-core/lib/auth/scram.js:125:14)\n    at sendAuthCommand (/Users/david/Documents/school/code/FINAL/pizzaTrackerBackend/node_modules/mongodb-core/lib/auth/scram.js:175:31)\n    at Connection.messageHandler (/Users/david/Documents/school/code/FINAL/pizzaTrackerBackend/node_modules/mongodb-core/lib/connection/connect.js:334:5)\n    at Connection.emit (events.js:182:13)\n    at processMessage (/Users/david/Documents/school/code/FINAL/pizzaTrackerBackend/node_modules/mongodb-core/lib/connection/connection.js:364:10)\n    at Socket.<anonymous> (/Users/david/Documents/school/code/FINAL/pizzaTrackerBackend/node_modules/mongodb-core/lib/connection/connection.js:533:15)\n    at Socket.emit (events.js:182:13)\n    at addChunk (_stream_readable.js:283:12)\n    at readableAddChunk (_stream_readable.js:264:11)\n    at Socket.Readable.push (_stream_readable.js:219:10)\n    at TCP.onStreamRead [as onread] (internal/stream_base_commons.js:94:17)"}
{"ok":0,"errmsg":"not authorized on undefined to execute command { find: \"pizzas\", filter: {}, projection: {}, returnKey: false, showRecordId: false, $db: \"undefined\" }","code":13,"codeName":"Unauthorized","name":"MongoError","level":"error","service":"user-service"}
{"ok":0,"errmsg":"not authorized on undefined to execute command { find: \"pizzas\", filter: {}, projection: {}, returnKey: false, showRecordId: false, $db: \"undefined\" }","code":13,"codeName":"Unauthorized","name":"MongoError","level":"error","service":"user-service"}
{"ok":0,"errmsg":"not authorized on undefined to execute command { find: \"pizzas\", filter: {}, projection: {}, returnKey: false, showRecordId: false, $db: \"undefined\" }","code":13,"codeName":"Unauthorized","name":"MongoError","level":"error","service":"user-service"}
{"ok":0,"errmsg":"not authorized on undefined to execute command { find: \"pizzas\", filter: {}, projection: {}, returnKey: false, showRecordId: false, $db: \"undefined\" }","code":13,"codeName":"Unauthorized","name":"MongoError","level":"error","service":"user-service"}
{"ok":0,"errmsg":"not authorized on undefined to execute command { find: \"pizzas\", filter: {}, projection: {}, returnKey: false, showRecordId: false, $db: \"undefined\" }","code":13,"codeName":"Unauthorized","name":"MongoError","level":"error","service":"user-service"}
{"ok":0,"errmsg":"not authorized on undefined to execute command { find: \"pizzas\", filter: {}, projection: {}, returnKey: false, showRecordId: false, $db: \"undefined\" }","code":13,"codeName":"Unauthorized","name":"MongoError","level":"error","service":"user-service"}
{"ok":0,"errmsg":"not authorized on undefined to execute command { find: \"pizzas\", filter: {}, projection: {}, returnKey: false, showRecordId: false, $db: \"undefined\" }","code":13,"codeName":"Unauthorized","name":"MongoError","level":"error","service":"user-service"}
{"ok":0,"errmsg":"not authorized on mad9124 to execute command { find: \"pizzas\", filter: {}, projection: {}, returnKey: false, showRecordId: false, $db: \"mad9124\" }","code":13,"codeName":"Unauthorized","name":"MongoError","level":"error","service":"user-service"}
{"level":"error","service":"user-service"}
{"service":"user-service","errno":"ECONNREFUSED","code":"ECONNREFUSED","syscall":"connect","address":"127.0.0.1","port":27017,"level":"error","message":"error connecting to MongoDB: connect ECONNREFUSED 127.0.0.1:27017","stack":"Error: connect ECONNREFUSED 127.0.0.1:27017\n    at TCPConnectWrap.afterConnect [as oncomplete] (net.js:1117:14)"}
{"level":"error","service":"user-service"}
{"level":"error","service":"user-service"}
{"level":"error","service":"user-service"}
{"level":"error","service":"user-service"}
{"level":"error","service":"user-service"}
{"level":"error","service":"user-service"}
{"level":"error","service":"user-service"}
{"level":"error","service":"user-service"}
{"level":"error","service":"user-service"}
{"level":"error","service":"user-service"}
{"level":"error","service":"user-service"}
{"level":"error","service":"user-service"}
{"level":"error","service":"user-service"}
{"level":"error","service":"user-service"}
{"level":"error","service":"user-service"}
{"level":"error","service":"user-service"}
{"level":"error","service":"user-service"}
{"level":"error","service":"user-service"}
{"level":"error","service":"user-service"}
{"level":"error","service":"user-service"}
{"level":"error","service":"user-service"}
{"level":"error","service":"user-service"}
{"level":"error","service":"user-service"}
{"level":"error","service":"user-service"}
{"level":"error","service":"user-service"}
{"level":"error","service":"user-service"}
{"level":"error","service":"user-service"}
{"level":"error","service":"user-service"}
{"level":"error","service":"user-service"}
